{"E:\\Cursos\\MELI\\meli-demo-back\\src\\app.js": {"path":"E:\\Cursos\\MELI\\meli-demo-back\\src\\app.js","statementMap":{"0":{"start":{"line":1,"column":16},"end":{"line":1,"column":34}},"1":{"start":{"line":2,"column":13},"end":{"line":2,"column":28}},"2":{"start":{"line":3,"column":15},"end":{"line":3,"column":47}},"3":{"start":{"line":5,"column":10},"end":{"line":5,"column":19}},"4":{"start":{"line":7,"column":0},"end":{"line":7,"column":16}},"5":{"start":{"line":8,"column":0},"end":{"line":8,"column":24}},"6":{"start":{"line":9,"column":0},"end":{"line":9,"column":48}},"7":{"start":{"line":10,"column":0},"end":{"line":10,"column":12}},"8":{"start":{"line":12,"column":0},"end":{"line":12,"column":21}}},"fnMap":{},"branchMap":{},"s":{"0":1,"1":1,"2":1,"3":1,"4":1,"5":1,"6":1,"7":1,"8":1},"f":{},"b":{},"_coverageSchema":"1a1c01bbd47fc00a2c39e90264f33305004495a9","hash":"4310bb8c6c0c8500b64f3049e96fe71dfe4899d6"}
,"E:\\Cursos\\MELI\\meli-demo-back\\src\\controllers\\index.js": {"path":"E:\\Cursos\\MELI\\meli-demo-back\\src\\controllers\\index.js","statementMap":{"0":{"start":{"line":1,"column":23},"end":{"line":1,"column":40}},"1":{"start":{"line":3,"column":20},"end":{"line":8,"column":1}},"2":{"start":{"line":5,"column":8},"end":{"line":5,"column":57}},"3":{"start":{"line":10,"column":0},"end":{"line":10,"column":29}}},"fnMap":{"0":{"name":"(anonymous_0)","decl":{"start":{"line":4,"column":11},"end":{"line":4,"column":12}},"loc":{"start":{"line":4,"column":25},"end":{"line":6,"column":5}},"line":4}},"branchMap":{},"s":{"0":1,"1":1,"2":1,"3":1},"f":{"0":1},"b":{},"_coverageSchema":"1a1c01bbd47fc00a2c39e90264f33305004495a9","hash":"33e74e92ca2337fc8eb61bb09c284413637f4649"}
,"E:\\Cursos\\MELI\\meli-demo-back\\src\\controllers\\item\\index.js": {"path":"E:\\Cursos\\MELI\\meli-demo-back\\src\\controllers\\item\\index.js","statementMap":{"0":{"start":{"line":1,"column":23},"end":{"line":1,"column":51}},"1":{"start":{"line":3,"column":20},"end":{"line":6,"column":1}},"2":{"start":{"line":8,"column":0},"end":{"line":8,"column":29}}},"fnMap":{},"branchMap":{},"s":{"0":1,"1":1,"2":1},"f":{},"b":{},"_coverageSchema":"1a1c01bbd47fc00a2c39e90264f33305004495a9","hash":"702d30cec6ff09931179e4e2d2b4e3420657a4d0"}
,"E:\\Cursos\\MELI\\meli-demo-back\\src\\controllers\\item\\item.controller.js": {"path":"E:\\Cursos\\MELI\\meli-demo-back\\src\\controllers\\item\\item.controller.js","statementMap":{"0":{"start":{"line":1,"column":41},"end":{"line":1,"column":69}},"1":{"start":{"line":2,"column":17},"end":{"line":2,"column":52}},"2":{"start":{"line":3,"column":16},"end":{"line":3,"column":54}},"3":{"start":{"line":4,"column":19},"end":{"line":4,"column":55}},"4":{"start":{"line":6,"column":25},"end":{"line":18,"column":1}},"5":{"start":{"line":7,"column":4},"end":{"line":17,"column":5}},"6":{"start":{"line":8,"column":8},"end":{"line":8,"column":80}},"7":{"start":{"line":8,"column":26},"end":{"line":8,"column":80}},"8":{"start":{"line":10,"column":25},"end":{"line":10,"column":71}},"9":{"start":{"line":11,"column":33},"end":{"line":11,"column":66}},"10":{"start":{"line":13,"column":8},"end":{"line":13,"column":69}},"11":{"start":{"line":16,"column":8},"end":{"line":16,"column":98}},"12":{"start":{"line":20,"column":20},"end":{"line":35,"column":1}},"13":{"start":{"line":21,"column":4},"end":{"line":34,"column":5}},"14":{"start":{"line":22,"column":31},"end":{"line":22,"column":76}},"15":{"start":{"line":23,"column":25},"end":{"line":23,"column":89}},"16":{"start":{"line":25,"column":24},"end":{"line":28,"column":10}},"17":{"start":{"line":30,"column":8},"end":{"line":30,"column":60}},"18":{"start":{"line":33,"column":8},"end":{"line":33,"column":98}},"19":{"start":{"line":37,"column":20},"end":{"line":40,"column":1}},"20":{"start":{"line":42,"column":0},"end":{"line":42,"column":29}}},"fnMap":{"0":{"name":"(anonymous_0)","decl":{"start":{"line":6,"column":25},"end":{"line":6,"column":26}},"loc":{"start":{"line":6,"column":45},"end":{"line":18,"column":1}},"line":6},"1":{"name":"(anonymous_1)","decl":{"start":{"line":20,"column":20},"end":{"line":20,"column":21}},"loc":{"start":{"line":20,"column":40},"end":{"line":35,"column":1}},"line":20}},"branchMap":{"0":{"loc":{"start":{"line":8,"column":8},"end":{"line":8,"column":80}},"type":"if","locations":[{"start":{"line":8,"column":8},"end":{"line":8,"column":80}},{"start":{"line":8,"column":8},"end":{"line":8,"column":80}}],"line":8}},"s":{"0":1,"1":1,"2":1,"3":1,"4":1,"5":1,"6":1,"7":0,"8":1,"9":1,"10":1,"11":0,"12":1,"13":1,"14":1,"15":1,"16":1,"17":1,"18":0,"19":1,"20":1},"f":{"0":1,"1":1},"b":{"0":[0,1]},"_coverageSchema":"1a1c01bbd47fc00a2c39e90264f33305004495a9","hash":"217ab014723d23d73878f07d622ed069c17b4188"}
,"E:\\Cursos\\MELI\\meli-demo-back\\src\\mappers\\meli.mapper.js": {"path":"E:\\Cursos\\MELI\\meli-demo-back\\src\\mappers\\meli.mapper.js","statementMap":{"0":{"start":{"line":1,"column":15},"end":{"line":4,"column":1}},"1":{"start":{"line":6,"column":20},"end":{"line":19,"column":1}},"2":{"start":{"line":7,"column":4},"end":{"line":18,"column":5}},"3":{"start":{"line":21,"column":21},"end":{"line":24,"column":1}},"4":{"start":{"line":22,"column":29},"end":{"line":22,"column":76}},"5":{"start":{"line":22,"column":56},"end":{"line":22,"column":75}},"6":{"start":{"line":23,"column":4},"end":{"line":23,"column":104}},"7":{"start":{"line":23,"column":69},"end":{"line":23,"column":97}},"8":{"start":{"line":26,"column":21},"end":{"line":43,"column":1}},"9":{"start":{"line":27,"column":4},"end":{"line":42,"column":5}},"10":{"start":{"line":28,"column":8},"end":{"line":28,"column":47}},"11":{"start":{"line":28,"column":37},"end":{"line":28,"column":47}},"12":{"start":{"line":30,"column":8},"end":{"line":37,"column":10}},"13":{"start":{"line":33,"column":45},"end":{"line":36,"column":13}},"14":{"start":{"line":40,"column":8},"end":{"line":40,"column":25}},"15":{"start":{"line":41,"column":8},"end":{"line":41,"column":49}},"16":{"start":{"line":45,"column":22},"end":{"line":61,"column":1}},"17":{"start":{"line":46,"column":4},"end":{"line":60,"column":5}},"18":{"start":{"line":47,"column":8},"end":{"line":55,"column":10}},"19":{"start":{"line":58,"column":8},"end":{"line":58,"column":25}},"20":{"start":{"line":59,"column":8},"end":{"line":59,"column":49}},"21":{"start":{"line":63,"column":19},"end":{"line":67,"column":1}},"22":{"start":{"line":69,"column":0},"end":{"line":69,"column":28}}},"fnMap":{"0":{"name":"(anonymous_0)","decl":{"start":{"line":6,"column":20},"end":{"line":6,"column":21}},"loc":{"start":{"line":6,"column":27},"end":{"line":19,"column":1}},"line":6},"1":{"name":"(anonymous_1)","decl":{"start":{"line":21,"column":21},"end":{"line":21,"column":22}},"loc":{"start":{"line":21,"column":31},"end":{"line":24,"column":1}},"line":21},"2":{"name":"(anonymous_2)","decl":{"start":{"line":22,"column":49},"end":{"line":22,"column":50}},"loc":{"start":{"line":22,"column":56},"end":{"line":22,"column":75}},"line":22},"3":{"name":"(anonymous_3)","decl":{"start":{"line":23,"column":62},"end":{"line":23,"column":63}},"loc":{"start":{"line":23,"column":69},"end":{"line":23,"column":97}},"line":23},"4":{"name":"(anonymous_4)","decl":{"start":{"line":26,"column":21},"end":{"line":26,"column":22}},"loc":{"start":{"line":26,"column":31},"end":{"line":43,"column":1}},"line":26},"5":{"name":"(anonymous_5)","decl":{"start":{"line":33,"column":36},"end":{"line":33,"column":37}},"loc":{"start":{"line":33,"column":45},"end":{"line":36,"column":13}},"line":33},"6":{"name":"(anonymous_6)","decl":{"start":{"line":45,"column":22},"end":{"line":45,"column":23}},"loc":{"start":{"line":45,"column":54},"end":{"line":61,"column":1}},"line":45}},"branchMap":{"0":{"loc":{"start":{"line":23,"column":11},"end":{"line":23,"column":103}},"type":"cond-expr","locations":[{"start":{"line":23,"column":41},"end":{"line":23,"column":98}},{"start":{"line":23,"column":101},"end":{"line":23,"column":103}}],"line":23},"1":{"loc":{"start":{"line":28,"column":8},"end":{"line":28,"column":47}},"type":"if","locations":[{"start":{"line":28,"column":8},"end":{"line":28,"column":47}},{"start":{"line":28,"column":8},"end":{"line":28,"column":47}}],"line":28}},"s":{"0":2,"1":2,"2":56,"3":2,"4":2,"5":2,"6":2,"7":2,"8":2,"9":3,"10":3,"11":1,"12":2,"13":54,"14":0,"15":0,"16":2,"17":2,"18":2,"19":0,"20":0,"21":2,"22":2},"f":{"0":56,"1":2,"2":2,"3":2,"4":3,"5":54,"6":2},"b":{"0":[2,0],"1":[1,2]},"_coverageSchema":"1a1c01bbd47fc00a2c39e90264f33305004495a9","hash":"2fc7a265123d381e774799fb5cdda55f659fe3f3"}
,"E:\\Cursos\\MELI\\meli-demo-back\\src\\responses\\response.js": {"path":"E:\\Cursos\\MELI\\meli-demo-back\\src\\responses\\response.js","statementMap":{"0":{"start":{"line":1,"column":16},"end":{"line":3,"column":1}},"1":{"start":{"line":2,"column":4},"end":{"line":2,"column":44}},"2":{"start":{"line":5,"column":14},"end":{"line":8,"column":1}},"3":{"start":{"line":7,"column":4},"end":{"line":7,"column":37}},"4":{"start":{"line":10,"column":17},"end":{"line":13,"column":1}},"5":{"start":{"line":15,"column":0},"end":{"line":15,"column":25}}},"fnMap":{"0":{"name":"(anonymous_0)","decl":{"start":{"line":1,"column":16},"end":{"line":1,"column":17}},"loc":{"start":{"line":1,"column":47},"end":{"line":3,"column":1}},"line":1},"1":{"name":"(anonymous_1)","decl":{"start":{"line":5,"column":14},"end":{"line":5,"column":15}},"loc":{"start":{"line":5,"column":50},"end":{"line":8,"column":1}},"line":5}},"branchMap":{"0":{"loc":{"start":{"line":2,"column":15},"end":{"line":2,"column":28}},"type":"binary-expr","locations":[{"start":{"line":2,"column":15},"end":{"line":2,"column":21}},{"start":{"line":2,"column":25},"end":{"line":2,"column":28}}],"line":2}},"s":{"0":1,"1":2,"2":1,"3":0,"4":1,"5":1},"f":{"0":2,"1":0},"b":{"0":[2,0]},"_coverageSchema":"1a1c01bbd47fc00a2c39e90264f33305004495a9","hash":"418a91704a970e814def0f496d67d9f27c49404f"}
,"E:\\Cursos\\MELI\\meli-demo-back\\src\\routes\\index.routes.js": {"path":"E:\\Cursos\\MELI\\meli-demo-back\\src\\routes\\index.routes.js","statementMap":{"0":{"start":{"line":1,"column":20},"end":{"line":1,"column":45}},"1":{"start":{"line":2,"column":20},"end":{"line":2,"column":45}},"2":{"start":{"line":4,"column":15},"end":{"line":7,"column":1}},"3":{"start":{"line":5,"column":4},"end":{"line":5,"column":42}},"4":{"start":{"line":6,"column":4},"end":{"line":6,"column":39}},"5":{"start":{"line":9,"column":0},"end":{"line":9,"column":24}}},"fnMap":{"0":{"name":"(anonymous_0)","decl":{"start":{"line":4,"column":15},"end":{"line":4,"column":16}},"loc":{"start":{"line":4,"column":24},"end":{"line":7,"column":1}},"line":4}},"branchMap":{},"s":{"0":1,"1":1,"2":1,"3":1,"4":1,"5":1},"f":{"0":1},"b":{},"_coverageSchema":"1a1c01bbd47fc00a2c39e90264f33305004495a9","hash":"2126f8cbf728d06d23b5ec0d236b310843a081ac"}
,"E:\\Cursos\\MELI\\meli-demo-back\\src\\routes\\items.routes.js": {"path":"E:\\Cursos\\MELI\\meli-demo-back\\src\\routes\\items.routes.js","statementMap":{"0":{"start":{"line":1,"column":15},"end":{"line":1,"column":42}},"1":{"start":{"line":2,"column":20},"end":{"line":2,"column":45}},"2":{"start":{"line":3,"column":24},"end":{"line":3,"column":54}},"3":{"start":{"line":5,"column":0},"end":{"line":5,"column":49}},"4":{"start":{"line":6,"column":0},"end":{"line":6,"column":48}},"5":{"start":{"line":8,"column":0},"end":{"line":8,"column":24}}},"fnMap":{},"branchMap":{},"s":{"0":1,"1":1,"2":1,"3":1,"4":1,"5":1},"f":{},"b":{},"_coverageSchema":"1a1c01bbd47fc00a2c39e90264f33305004495a9","hash":"011c4d8f1f6163888abca2a7ec6d39f45df21d4b"}
,"E:\\Cursos\\MELI\\meli-demo-back\\src\\services\\meli.service.js": {"path":"E:\\Cursos\\MELI\\meli-demo-back\\src\\services\\meli.service.js","statementMap":{"0":{"start":{"line":1,"column":14},"end":{"line":1,"column":30}},"1":{"start":{"line":3,"column":28},"end":{"line":14,"column":1}},"2":{"start":{"line":4,"column":4},"end":{"line":13,"column":7}},"3":{"start":{"line":5,"column":8},"end":{"line":12,"column":15}},"4":{"start":{"line":8,"column":16},"end":{"line":8,"column":29}},"5":{"start":{"line":11,"column":16},"end":{"line":11,"column":27}},"6":{"start":{"line":16,"column":25},"end":{"line":34,"column":1}},"7":{"start":{"line":17,"column":4},"end":{"line":33,"column":7}},"8":{"start":{"line":18,"column":8},"end":{"line":32,"column":15}},"9":{"start":{"line":25,"column":16},"end":{"line":28,"column":18}},"10":{"start":{"line":31,"column":16},"end":{"line":31,"column":27}},"11":{"start":{"line":36,"column":24},"end":{"line":47,"column":1}},"12":{"start":{"line":37,"column":4},"end":{"line":46,"column":7}},"13":{"start":{"line":38,"column":8},"end":{"line":45,"column":15}},"14":{"start":{"line":41,"column":16},"end":{"line":41,"column":29}},"15":{"start":{"line":44,"column":16},"end":{"line":44,"column":27}},"16":{"start":{"line":49,"column":16},"end":{"line":53,"column":1}},"17":{"start":{"line":55,"column":0},"end":{"line":55,"column":25}}},"fnMap":{"0":{"name":"(anonymous_0)","decl":{"start":{"line":3,"column":28},"end":{"line":3,"column":29}},"loc":{"start":{"line":3,"column":40},"end":{"line":14,"column":1}},"line":3},"1":{"name":"(anonymous_1)","decl":{"start":{"line":4,"column":23},"end":{"line":4,"column":24}},"loc":{"start":{"line":4,"column":44},"end":{"line":13,"column":5}},"line":4},"2":{"name":"(anonymous_2)","decl":{"start":{"line":7,"column":18},"end":{"line":7,"column":19}},"loc":{"start":{"line":7,"column":32},"end":{"line":9,"column":13}},"line":7},"3":{"name":"(anonymous_3)","decl":{"start":{"line":10,"column":19},"end":{"line":10,"column":20}},"loc":{"start":{"line":10,"column":28},"end":{"line":12,"column":13}},"line":10},"4":{"name":"(anonymous_4)","decl":{"start":{"line":16,"column":25},"end":{"line":16,"column":26}},"loc":{"start":{"line":16,"column":33},"end":{"line":34,"column":1}},"line":16},"5":{"name":"(anonymous_5)","decl":{"start":{"line":17,"column":23},"end":{"line":17,"column":24}},"loc":{"start":{"line":17,"column":44},"end":{"line":33,"column":5}},"line":17},"6":{"name":"(anonymous_6)","decl":{"start":{"line":23,"column":31},"end":{"line":23,"column":32}},"loc":{"start":{"line":23,"column":63},"end":{"line":29,"column":13}},"line":23},"7":{"name":"(anonymous_7)","decl":{"start":{"line":30,"column":19},"end":{"line":30,"column":20}},"loc":{"start":{"line":30,"column":28},"end":{"line":32,"column":13}},"line":30},"8":{"name":"(anonymous_8)","decl":{"start":{"line":36,"column":24},"end":{"line":36,"column":25}},"loc":{"start":{"line":36,"column":32},"end":{"line":47,"column":1}},"line":36},"9":{"name":"(anonymous_9)","decl":{"start":{"line":37,"column":23},"end":{"line":37,"column":24}},"loc":{"start":{"line":37,"column":44},"end":{"line":46,"column":5}},"line":37},"10":{"name":"(anonymous_10)","decl":{"start":{"line":40,"column":18},"end":{"line":40,"column":19}},"loc":{"start":{"line":40,"column":32},"end":{"line":42,"column":13}},"line":40},"11":{"name":"(anonymous_11)","decl":{"start":{"line":43,"column":19},"end":{"line":43,"column":20}},"loc":{"start":{"line":43,"column":28},"end":{"line":45,"column":13}},"line":43}},"branchMap":{},"s":{"0":1,"1":1,"2":1,"3":1,"4":1,"5":0,"6":1,"7":1,"8":1,"9":1,"10":0,"11":1,"12":1,"13":1,"14":1,"15":0,"16":1,"17":1},"f":{"0":1,"1":1,"2":1,"3":0,"4":1,"5":1,"6":1,"7":0,"8":1,"9":1,"10":1,"11":0},"b":{},"_coverageSchema":"1a1c01bbd47fc00a2c39e90264f33305004495a9","hash":"a9444d3160f0d843ee2240eba3a33f594aa952df"}
}
